CRITICAL - 2025-09-03 23:20:54 --> ErrorException: Cannot declare class App\Database\Migrations\CreateCoursesTable, because the name is already in use
[Method: CLI, Route: migrate]
in APPPATH\Database\Migrations\2025-09-03-015528_CreateCoursesTable.php on line 7.
 1 [internal function]: CodeIgniter\Debug\Exceptions->shutdownHandler()
ERROR - 2025-09-03 23:32:15 --> mysqli_sql_exception: Can't create table `lms_loro`.`quizzes` (errno: 150 "Foreign key constraint is incorrectly formed") in C:\xampp\htdocs\ITE311-LORO\system\Database\MySQLi\Connection.php:327
Stack trace:
#0 C:\xampp\htdocs\ITE311-LORO\system\Database\MySQLi\Connection.php(327): mysqli->query('CREATE TABLE `q...', 0)
#1 C:\xampp\htdocs\ITE311-LORO\system\Database\BaseConnection.php(729): CodeIgniter\Database\MySQLi\Connection->execute('CREATE TABLE `q...')
#2 C:\xampp\htdocs\ITE311-LORO\system\Database\BaseConnection.php(646): CodeIgniter\Database\BaseConnection->simpleQuery('CREATE TABLE `q...')
#3 C:\xampp\htdocs\ITE311-LORO\system\Database\Forge.php(570): CodeIgniter\Database\BaseConnection->query('CREATE TABLE `q...')
#4 C:\xampp\htdocs\ITE311-LORO\app\Database\Migrations\2025-09-03-232238_CreateQuizzesTable.php(41): CodeIgniter\Database\Forge->createTable('quizzes')
#5 C:\xampp\htdocs\ITE311-LORO\system\Database\MigrationRunner.php(876): App\Database\Migrations\CreateQuizzesTable->up()
#6 C:\xampp\htdocs\ITE311-LORO\system\Database\MigrationRunner.php(182): CodeIgniter\Database\MigrationRunner->migrate('up', Object(stdClass))
#7 C:\xampp\htdocs\ITE311-LORO\system\Commands\Database\Migrate.php(85): CodeIgniter\Database\MigrationRunner->latest(NULL)
#8 C:\xampp\htdocs\ITE311-LORO\system\CLI\Commands.php(74): CodeIgniter\Commands\Database\Migrate->run(Array)
#9 C:\xampp\htdocs\ITE311-LORO\system\CLI\Console.php(47): CodeIgniter\CLI\Commands->run('migrate', Array)
#10 C:\xampp\htdocs\ITE311-LORO\system\Boot.php(388): CodeIgniter\CLI\Console->run()
#11 C:\xampp\htdocs\ITE311-LORO\system\Boot.php(133): CodeIgniter\Boot::runCommand(Object(CodeIgniter\CLI\Console))
#12 C:\xampp\htdocs\ITE311-LORO\spark(87): CodeIgniter\Boot::bootSpark(Object(Config\Paths))
#13 {main}
ERROR - 2025-09-03 23:33:19 --> mysqli_sql_exception: Can't create table `lms_loro`.`quizzes` (errno: 150 "Foreign key constraint is incorrectly formed") in C:\xampp\htdocs\ITE311-LORO\system\Database\MySQLi\Connection.php:327
Stack trace:
#0 C:\xampp\htdocs\ITE311-LORO\system\Database\MySQLi\Connection.php(327): mysqli->query('CREATE TABLE `q...', 0)
#1 C:\xampp\htdocs\ITE311-LORO\system\Database\BaseConnection.php(729): CodeIgniter\Database\MySQLi\Connection->execute('CREATE TABLE `q...')
#2 C:\xampp\htdocs\ITE311-LORO\system\Database\BaseConnection.php(646): CodeIgniter\Database\BaseConnection->simpleQuery('CREATE TABLE `q...')
#3 C:\xampp\htdocs\ITE311-LORO\system\Database\Forge.php(570): CodeIgniter\Database\BaseConnection->query('CREATE TABLE `q...')
#4 C:\xampp\htdocs\ITE311-LORO\app\Database\Migrations\2025-09-03-232238_CreateQuizzesTable.php(41): CodeIgniter\Database\Forge->createTable('quizzes')
#5 C:\xampp\htdocs\ITE311-LORO\system\Database\MigrationRunner.php(876): App\Database\Migrations\CreateQuizzesTable->up()
#6 C:\xampp\htdocs\ITE311-LORO\system\Database\MigrationRunner.php(182): CodeIgniter\Database\MigrationRunner->migrate('up', Object(stdClass))
#7 C:\xampp\htdocs\ITE311-LORO\system\Commands\Database\Migrate.php(85): CodeIgniter\Database\MigrationRunner->latest(NULL)
#8 C:\xampp\htdocs\ITE311-LORO\system\CLI\Commands.php(74): CodeIgniter\Commands\Database\Migrate->run(Array)
#9 C:\xampp\htdocs\ITE311-LORO\system\CLI\Console.php(47): CodeIgniter\CLI\Commands->run('migrate', Array)
#10 C:\xampp\htdocs\ITE311-LORO\system\Boot.php(388): CodeIgniter\CLI\Console->run()
#11 C:\xampp\htdocs\ITE311-LORO\system\Boot.php(133): CodeIgniter\Boot::runCommand(Object(CodeIgniter\CLI\Console))
#12 C:\xampp\htdocs\ITE311-LORO\spark(87): CodeIgniter\Boot::bootSpark(Object(Config\Paths))
#13 {main}
ERROR - 2025-09-03 23:34:03 --> mysqli_sql_exception: Can't create table `lms_loro`.`quizzes` (errno: 150 "Foreign key constraint is incorrectly formed") in C:\xampp\htdocs\ITE311-LORO\system\Database\MySQLi\Connection.php:327
Stack trace:
#0 C:\xampp\htdocs\ITE311-LORO\system\Database\MySQLi\Connection.php(327): mysqli->query('CREATE TABLE `q...', 0)
#1 C:\xampp\htdocs\ITE311-LORO\system\Database\BaseConnection.php(729): CodeIgniter\Database\MySQLi\Connection->execute('CREATE TABLE `q...')
#2 C:\xampp\htdocs\ITE311-LORO\system\Database\BaseConnection.php(646): CodeIgniter\Database\BaseConnection->simpleQuery('CREATE TABLE `q...')
#3 C:\xampp\htdocs\ITE311-LORO\system\Database\Forge.php(570): CodeIgniter\Database\BaseConnection->query('CREATE TABLE `q...')
#4 C:\xampp\htdocs\ITE311-LORO\app\Database\Migrations\2025-09-03-232238_CreateQuizzesTable.php(41): CodeIgniter\Database\Forge->createTable('quizzes')
#5 C:\xampp\htdocs\ITE311-LORO\system\Database\MigrationRunner.php(876): App\Database\Migrations\CreateQuizzesTable->up()
#6 C:\xampp\htdocs\ITE311-LORO\system\Database\MigrationRunner.php(182): CodeIgniter\Database\MigrationRunner->migrate('up', Object(stdClass))
#7 C:\xampp\htdocs\ITE311-LORO\system\Commands\Database\Migrate.php(85): CodeIgniter\Database\MigrationRunner->latest(NULL)
#8 C:\xampp\htdocs\ITE311-LORO\system\CLI\Commands.php(74): CodeIgniter\Commands\Database\Migrate->run(Array)
#9 C:\xampp\htdocs\ITE311-LORO\system\CLI\Console.php(47): CodeIgniter\CLI\Commands->run('migrate', Array)
#10 C:\xampp\htdocs\ITE311-LORO\system\Boot.php(388): CodeIgniter\CLI\Console->run()
#11 C:\xampp\htdocs\ITE311-LORO\system\Boot.php(133): CodeIgniter\Boot::runCommand(Object(CodeIgniter\CLI\Console))
#12 C:\xampp\htdocs\ITE311-LORO\spark(87): CodeIgniter\Boot::bootSpark(Object(Config\Paths))
#13 {main}
